<?xml version="1.0" encoding="UTF-8"?>
<testsuite xmlns:xsi="http://www.w3.org/2001/XMLSchema-instance" xsi:noNamespaceSchemaLocation="https://maven.apache.org/surefire/maven-surefire-plugin/xsd/surefire-test-report-3.0.xsd" version="3.0" name="org.fpij.jitakyoei.model.dao.EntidadeDaoTest" time="0.338" tests="4" errors="0" skipped="0" failures="0">
  <properties>
    <property name="sun.desktop" value="windows"/>
    <property name="awt.toolkit" value="sun.awt.windows.WToolkit"/>
    <property name="file.encoding.pkg" value="sun.io"/>
    <property name="java.specification.version" value="1.8"/>
    <property name="sun.cpu.isalist" value="amd64"/>
    <property name="sun.jnu.encoding" value="Cp1252"/>
    <property name="java.class.path" value="C:\Users\gutha\OneDrive\Desktop\Nova pasta\Teste de software\Projeto\target\test-classes;C:\Users\gutha\OneDrive\Desktop\Nova pasta\Teste de software\Projeto\target\classes;C:\Users\gutha\.m2\repository\net\java\dev\genesis\annotation\annotation\3.2\annotation-3.2.jar;C:\Users\gutha\.m2\repository\net\java\dev\genesis\aspect\3.2\aspect-3.2.jar;C:\Users\gutha\.m2\repository\net\java\dev\genesis\ui\client\3.2\client-3.2.jar;C:\Users\gutha\.m2\repository\net\java\dev\genesis\ui\client-swing\3.2\client-swing-3.2.jar;C:\Users\gutha\.m2\repository\net\java\dev\genesis\ui\client-swt\3.2\client-swt-3.2.jar;C:\Users\gutha\.m2\repository\net\java\dev\genesis\ui\client-thinlet\3.2\client-thinlet-3.2.jar;C:\Users\gutha\.m2\repository\net\java\dev\genesis\container\3.2\container-3.2.jar;C:\Users\gutha\.m2\repository\net\java\dev\genesis\server\3.2\server-3.2.jar;C:\Users\gutha\.m2\repository\net\java\dev\genesis\shared\3.2\shared-3.2.jar;C:\Users\gutha\.m2\repository\net\java\dev\genesis\shared-annotated\3.2\shared-annotated-3.2.jar;C:\Users\gutha\.m2\repository\forms\forms\1.0\forms-1.0.jar;C:\Users\gutha\.m2\repository\db4o\db4o\7.4.106.13438-java5\db4o-7.4.106.13438-java5.jar;C:\Users\gutha\.m2\repository\jcalendar\jcalendar\1.3.3\jcalendar-1.3.3.jar;C:\Users\gutha\.m2\repository\TableLayout\TableLayout\1.0\TableLayout-1.0.jar;C:\Users\gutha\.m2\repository\commons-logging\commons-logging\1.2\commons-logging-1.2.jar;C:\Users\gutha\.m2\repository\commons-beanutils\commons-beanutils\1.9.4\commons-beanutils-1.9.4.jar;C:\Users\gutha\.m2\repository\commons-collections\commons-collections\3.2.2\commons-collections-3.2.2.jar;C:\Users\gutha\.m2\repository\genesis\backport175\backport\175-1.1.RC1-snapshot\backport-175-1.1.RC1-snapshot.jar;C:\Users\gutha\.m2\repository\org\mockito\mockito-core\3.12.4\mockito-core-3.12.4.jar;C:\Users\gutha\.m2\repository\net\bytebuddy\byte-buddy\1.11.13\byte-buddy-1.11.13.jar;C:\Users\gutha\.m2\repository\net\bytebuddy\byte-buddy-agent\1.11.13\byte-buddy-agent-1.11.13.jar;C:\Users\gutha\.m2\repository\org\objenesis\objenesis\3.2\objenesis-3.2.jar;C:\Users\gutha\.m2\repository\junit\junit\4.13.2\junit-4.13.2.jar;C:\Users\gutha\.m2\repository\org\hamcrest\hamcrest-core\1.3\hamcrest-core-1.3.jar;"/>
    <property name="java.vm.vendor" value="Amazon.com Inc."/>
    <property name="sun.arch.data.model" value="64"/>
    <property name="user.variant" value=""/>
    <property name="java.vendor.url" value="https://aws.amazon.com/corretto/"/>
    <property name="user.timezone" value="America/Sao_Paulo"/>
    <property name="java.vm.specification.version" value="1.8"/>
    <property name="os.name" value="Windows 11"/>
    <property name="user.country" value="BR"/>
    <property name="sun.java.launcher" value="SUN_STANDARD"/>
    <property name="sun.boot.library.path" value="C:\Users\gutha\.jdks\corretto-1.8.0_432\jre\bin"/>
    <property name="sun.java.command" value="C:\Users\gutha\AppData\Local\Temp\surefire30042685739797001\surefirebooter5304392688801861739.jar C:\Users\gutha\AppData\Local\Temp\surefire30042685739797001 2024-12-02T03-44-40_612-jvmRun1 surefire4402972349782642440tmp surefire_12744159789913665287tmp"/>
    <property name="surefire.test.class.path" value="C:\Users\gutha\OneDrive\Desktop\Nova pasta\Teste de software\Projeto\target\test-classes;C:\Users\gutha\OneDrive\Desktop\Nova pasta\Teste de software\Projeto\target\classes;C:\Users\gutha\.m2\repository\net\java\dev\genesis\annotation\annotation\3.2\annotation-3.2.jar;C:\Users\gutha\.m2\repository\net\java\dev\genesis\aspect\3.2\aspect-3.2.jar;C:\Users\gutha\.m2\repository\net\java\dev\genesis\ui\client\3.2\client-3.2.jar;C:\Users\gutha\.m2\repository\net\java\dev\genesis\ui\client-swing\3.2\client-swing-3.2.jar;C:\Users\gutha\.m2\repository\net\java\dev\genesis\ui\client-swt\3.2\client-swt-3.2.jar;C:\Users\gutha\.m2\repository\net\java\dev\genesis\ui\client-thinlet\3.2\client-thinlet-3.2.jar;C:\Users\gutha\.m2\repository\net\java\dev\genesis\container\3.2\container-3.2.jar;C:\Users\gutha\.m2\repository\net\java\dev\genesis\server\3.2\server-3.2.jar;C:\Users\gutha\.m2\repository\net\java\dev\genesis\shared\3.2\shared-3.2.jar;C:\Users\gutha\.m2\repository\net\java\dev\genesis\shared-annotated\3.2\shared-annotated-3.2.jar;C:\Users\gutha\.m2\repository\forms\forms\1.0\forms-1.0.jar;C:\Users\gutha\.m2\repository\db4o\db4o\7.4.106.13438-java5\db4o-7.4.106.13438-java5.jar;C:\Users\gutha\.m2\repository\jcalendar\jcalendar\1.3.3\jcalendar-1.3.3.jar;C:\Users\gutha\.m2\repository\TableLayout\TableLayout\1.0\TableLayout-1.0.jar;C:\Users\gutha\.m2\repository\commons-logging\commons-logging\1.2\commons-logging-1.2.jar;C:\Users\gutha\.m2\repository\commons-beanutils\commons-beanutils\1.9.4\commons-beanutils-1.9.4.jar;C:\Users\gutha\.m2\repository\commons-collections\commons-collections\3.2.2\commons-collections-3.2.2.jar;C:\Users\gutha\.m2\repository\genesis\backport175\backport\175-1.1.RC1-snapshot\backport-175-1.1.RC1-snapshot.jar;C:\Users\gutha\.m2\repository\org\mockito\mockito-core\3.12.4\mockito-core-3.12.4.jar;C:\Users\gutha\.m2\repository\net\bytebuddy\byte-buddy\1.11.13\byte-buddy-1.11.13.jar;C:\Users\gutha\.m2\repository\net\bytebuddy\byte-buddy-agent\1.11.13\byte-buddy-agent-1.11.13.jar;C:\Users\gutha\.m2\repository\org\objenesis\objenesis\3.2\objenesis-3.2.jar;C:\Users\gutha\.m2\repository\junit\junit\4.13.2\junit-4.13.2.jar;C:\Users\gutha\.m2\repository\org\hamcrest\hamcrest-core\1.3\hamcrest-core-1.3.jar;"/>
    <property name="sun.cpu.endian" value="little"/>
    <property name="user.home" value="C:\Users\gutha"/>
    <property name="user.language" value="pt"/>
    <property name="java.specification.vendor" value="Oracle Corporation"/>
    <property name="java.home" value="C:\Users\gutha\.jdks\corretto-1.8.0_432\jre"/>
    <property name="basedir" value="C:\Users\gutha\OneDrive\Desktop\Nova pasta\Teste de software\Projeto"/>
    <property name="file.separator" value="\"/>
    <property name="line.separator" value="&#10;"/>
    <property name="java.vm.specification.vendor" value="Oracle Corporation"/>
    <property name="java.specification.name" value="Java Platform API Specification"/>
    <property name="java.awt.graphicsenv" value="sun.awt.Win32GraphicsEnvironment"/>
    <property name="surefire.real.class.path" value="C:\Users\gutha\AppData\Local\Temp\surefire30042685739797001\surefirebooter5304392688801861739.jar;C:\\Users\\gutha\\.m2\\repository\\org\\jacoco\\org.jacoco.agent\\0.8.12\\org.jacoco.agent-0.8.12-runtime.jar"/>
    <property name="sun.boot.class.path" value="C:\Users\gutha\.jdks\corretto-1.8.0_432\jre\lib\resources.jar;C:\Users\gutha\.jdks\corretto-1.8.0_432\jre\lib\rt.jar;C:\Users\gutha\.jdks\corretto-1.8.0_432\jre\lib\sunrsasign.jar;C:\Users\gutha\.jdks\corretto-1.8.0_432\jre\lib\jsse.jar;C:\Users\gutha\.jdks\corretto-1.8.0_432\jre\lib\jce.jar;C:\Users\gutha\.jdks\corretto-1.8.0_432\jre\lib\charsets.jar;C:\Users\gutha\.jdks\corretto-1.8.0_432\jre\lib\jfr.jar;C:\Users\gutha\.jdks\corretto-1.8.0_432\jre\classes"/>
    <property name="user.script" value=""/>
    <property name="sun.management.compiler" value="HotSpot 64-Bit Tiered Compilers"/>
    <property name="java.runtime.version" value="1.8.0_432-b06"/>
    <property name="user.name" value="gutha"/>
    <property name="path.separator" value=";"/>
    <property name="os.version" value="10.0"/>
    <property name="java.endorsed.dirs" value="C:\Users\gutha\.jdks\corretto-1.8.0_432\jre\lib\endorsed"/>
    <property name="java.runtime.name" value="OpenJDK Runtime Environment"/>
    <property name="file.encoding" value="Cp1252"/>
    <property name="java.vm.name" value="OpenJDK 64-Bit Server VM"/>
    <property name="localRepository" value="C:\Users\gutha\.m2\repository"/>
    <property name="java.vendor.url.bug" value="https://github.com/corretto/corretto-8/issues/"/>
    <property name="java.io.tmpdir" value="C:\Users\gutha\AppData\Local\Temp\"/>
    <property name="idea.version" value="2023.3.2"/>
    <property name="java.version" value="1.8.0_432"/>
    <property name="user.dir" value="C:\Users\gutha\OneDrive\Desktop\Nova pasta\Teste de software\Projeto"/>
    <property name="os.arch" value="amd64"/>
    <property name="java.vm.specification.name" value="Java Virtual Machine Specification"/>
    <property name="java.awt.printerjob" value="sun.awt.windows.WPrinterJob"/>
    <property name="sun.os.patch.level" value=""/>
    <property name="java.library.path" value="C:\Users\gutha\.jdks\corretto-1.8.0_432\jre\bin;C:\WINDOWS\Sun\Java\bin;C:\WINDOWS\system32;C:\WINDOWS;C:\Program Files\Common Files\Oracle\Java\javapath;C:\Program Files (x86)\Common Files\Oracle\Java\java8path;C:\Program Files (x86)\Common Files\Oracle\Java\javapath;C:\WINDOWS\system32;C:\WINDOWS;C:\WINDOWS\System32\Wbem;C:\WINDOWS\System32\WindowsPowerShell\v1.0\;C:\WINDOWS\System32\OpenSSH\;D:\Git\cmd;C:\Program Files\Java\jdk-17\bin;C:\Program Files\Microsoft SQL Server\150\Tools\Binn\;C:\Program Files\Microsoft SQL Server\Client SDK\ODBC\170\Tools\Binn\;C:\Program Files\dotnet\;C:\Program Files\NVIDIA Corporation\NVIDIA NvDLISR;C:\Program Files (x86)\NVIDIA Corporation\PhysX\Common;C:\Program Files\Amazon\AWSCLIV2\;C:\Users\gutha\AppData\Local\Programs\Python\Python312\Scripts\;C:\Users\gutha\AppData\Local\Programs\Python\Python312\;C:\Users\gutha\AppData\Local\Programs\Python\Launcher\;C:\Users\gutha\OneDrive\Desktop\Nova pasta\Sistemas_distribuidos_Projeto\llvm-mingw-20240518-msvcrt-x86_64\bin;C:\Users\gutha\AppData\Local\Microsoft\WindowsApps;D:\Microsoft VS Code\bin;C:\Users\gutha\.dotnet\tools;C:\Users\gutha\Downloads\apache-maven-3.9.9-bin\apache-maven-3.9.9\bin;;."/>
    <property name="java.vm.info" value="mixed mode"/>
    <property name="java.vendor" value="Amazon.com Inc."/>
    <property name="java.vm.version" value="25.432-b06"/>
    <property name="java.specification.maintenance.version" value="6"/>
    <property name="java.ext.dirs" value="C:\Users\gutha\.jdks\corretto-1.8.0_432\jre\lib\ext;C:\WINDOWS\Sun\Java\lib\ext"/>
    <property name="sun.io.unicode.encoding" value="UnicodeLittle"/>
    <property name="java.class.version" value="52.0"/>
  </properties>
  <testcase name="testSearchEntidade" classname="org.fpij.jitakyoei.model.dao.EntidadeDaoTest" time="0.307">
    <system-out><![CDATA[EntidadeBOImpl.createEntidade()
DAOImpl.save()
Academia Teste
]]></system-out>
  </testcase>
  <testcase name="testListAll" classname="org.fpij.jitakyoei.model.dao.EntidadeDaoTest" time="0.008">
    <system-out><![CDATA[EntidadeBOImpl.createEntidade()
DAOImpl.save()
Academia Teste
]]></system-out>
  </testcase>
  <testcase name="testUpdateEntidade" classname="org.fpij.jitakyoei.model.dao.EntidadeDaoTest" time="0.009">
    <system-out><![CDATA[EntidadeBOImpl.createEntidade()
DAOImpl.save()
Academia Teste
DAOImpl.save()
Academia Atualizada
]]></system-out>
  </testcase>
  <testcase name="testCreateEntidade" classname="org.fpij.jitakyoei.model.dao.EntidadeDaoTest" time="0.007">
    <system-out><![CDATA[EntidadeBOImpl.createEntidade()
DAOImpl.save()
Academia Teste
]]></system-out>
  </testcase>
</testsuite>